\BOOKMARK [1][-]{section.1}{\376\377\000L\000a\000b\000:\000\040\000X\000v\0006\000\040\000a\000n\000d\000\040\000U\000n\000i\000x\000\040\000u\000t\000i\000l\000i\000t\000i\000e\000s}{}% 1
\BOOKMARK [2][-]{subsection.1.1}{\376\377\133\236\232\214\166\356\166\204}{section.1}% 2
\BOOKMARK [2][-]{subsection.1.2}{\376\377\133\236\232\214\153\145\232\244}{section.1}% 3
\BOOKMARK [3][-]{subsubsection.1.2.1}{\376\377\217\320\210\114\000x\000v\0006}{subsection.1.2}% 4
\BOOKMARK [3][-]{subsubsection.1.2.2}{\376\377\133\236\163\260\000s\000l\000e\000e\000p}{subsection.1.2}% 5
\BOOKMARK [3][-]{subsubsection.1.2.3}{\376\377\133\236\163\260\000p\000i\000n\000g\000p\000o\000n\000g}{subsection.1.2}% 6
\BOOKMARK [3][-]{subsubsection.1.2.4}{\376\377\133\236\163\260\000\040\000p\000r\000i\000m\000e}{subsection.1.2}% 7
\BOOKMARK [3][-]{subsubsection.1.2.5}{\376\377\133\236\163\260\000\040\000f\000i\000n\000d}{subsection.1.2}% 8
\BOOKMARK [3][-]{subsubsection.1.2.6}{\376\377\133\236\163\260\000\040\000x\000a\000r\000g\000s}{subsection.1.2}% 9
\BOOKMARK [2][-]{subsection.1.3}{\376\377\213\304\155\113\176\323\147\234}{section.1}% 10
\BOOKMARK [2][-]{subsection.1.4}{\376\377\133\236\232\214\134\017\176\323}{section.1}% 11
\BOOKMARK [1][-]{section.2}{\376\377\000L\000a\000b\000:\000\040\000S\000y\000s\000t\000e\000m\000\040\000c\000a\000l\000l\000s}{}% 12
\BOOKMARK [2][-]{subsection.2.1}{\376\377\133\236\232\214\166\356\166\204}{section.2}% 13
\BOOKMARK [2][-]{subsection.2.2}{\376\377\133\236\232\214\153\145\232\244}{section.2}% 14
\BOOKMARK [3][-]{subsubsection.2.2.1}{\376\377\133\236\163\260\000t\000r\000a\000c\000e}{subsection.2.2}% 15
\BOOKMARK [3][-]{subsubsection.2.2.2}{\376\377\133\236\163\260\000s\000y\000s\000i\000n\000f\000o}{subsection.2.2}% 16
\BOOKMARK [2][-]{subsection.2.3}{\376\377\213\304\155\113\176\323\147\234}{section.2}% 17
\BOOKMARK [2][-]{subsection.2.4}{\376\377\133\236\232\214\134\017\176\323}{section.2}% 18
\BOOKMARK [1][-]{section.3}{\376\377\000L\000a\000b\000:\000\040\000P\000a\000g\000e\000\040\000t\000a\000b\000l\000e\000s}{}% 19
\BOOKMARK [2][-]{subsection.3.1}{\376\377\133\236\232\214\166\356\166\204}{section.3}% 20
\BOOKMARK [2][-]{subsection.3.2}{\376\377\133\236\232\214\153\145\232\244}{section.3}% 21
\BOOKMARK [3][-]{subsubsection.3.2.1}{\376\377\133\236\163\260\174\373\176\337\214\003\165\050\122\240\220\037}{subsection.3.2}% 22
\BOOKMARK [3][-]{subsubsection.3.2.2}{\376\377\133\236\163\260\230\165\210\150\142\123\123\160}{subsection.3.2}% 23
\BOOKMARK [3][-]{subsubsection.3.2.3}{\376\377\133\236\163\260\210\253\213\277\225\356\230\165\227\142\117\246\155\113}{subsection.3.2}% 24
\BOOKMARK [2][-]{subsection.3.3}{\376\377\213\304\155\113\176\323\147\234}{section.3}% 25
\BOOKMARK [2][-]{subsection.3.4}{\376\377\133\236\232\214\134\017\176\323}{section.3}% 26
\BOOKMARK [1][-]{section.4}{\376\377\000L\000a\000b\000:\000\040\000T\000r\000a\000p\000s}{}% 27
\BOOKMARK [2][-]{subsection.4.1}{\376\377\133\236\232\214\166\356\166\204}{section.4}% 28
\BOOKMARK [2][-]{subsection.4.2}{\376\377\133\236\232\214\153\145\232\244}{section.4}% 29
\BOOKMARK [3][-]{subsubsection.4.2.1}{\376\377\116\206\211\343\000\040\000R\000I\000S\000C\000-\000V\000\040\154\107\177\026}{subsection.4.2}% 30
\BOOKMARK [3][-]{subsubsection.4.2.2}{\376\377\133\236\163\260\000\040\000B\000a\000c\000k\000t\000r\000a\000c\000e}{subsection.4.2}% 31
\BOOKMARK [3][-]{subsubsection.4.2.3}{\376\377\133\236\163\260\000a\000l\000a\000r\000m}{subsection.4.2}% 32
\BOOKMARK [2][-]{subsection.4.3}{\376\377\213\304\155\113\176\323\147\234}{section.4}% 33
\BOOKMARK [2][-]{subsection.4.4}{\376\377\133\236\232\214\134\017\176\323}{section.4}% 34
